Analysis & Elaboration report for top
Tue Apr 28 22:14:05 2026
Quartus Prime Version 24.1std.0 Build 1077 03/04/2025 SC Lite Edition


---------------------
; Table of Contents ;
---------------------
  1. Legal Notice
  2. Analysis & Elaboration Summary
  3. Parallel Compilation
  4. Parameter Settings for User Entity Instance: riscv:riscv|datapath:dp|flopenr:pcreg
  5. Parameter Settings for User Entity Instance: riscv:riscv|datapath:dp|flopenr:oldpcreg
  6. Parameter Settings for User Entity Instance: riscv:riscv|datapath:dp|mux2:adrmux
  7. Parameter Settings for User Entity Instance: riscv:riscv|datapath:dp|flopenr:instrreg
  8. Parameter Settings for User Entity Instance: riscv:riscv|datapath:dp|flopr:areg
  9. Parameter Settings for User Entity Instance: riscv:riscv|datapath:dp|flopr:breg
 10. Parameter Settings for User Entity Instance: riscv:riscv|datapath:dp|flopr:aluoutreg
 11. Parameter Settings for User Entity Instance: riscv:riscv|datapath:dp|flopr:datareg
 12. Analysis & Elaboration Settings
 13. Port Connectivity Checks: "riscv:riscv"
 14. Analysis & Elaboration Messages
 15. Analysis & Elaboration Suppressed Messages



----------------
; Legal Notice ;
----------------
Copyright (C) 2025  Altera Corporation. All rights reserved.
Your use of Altera Corporation's design tools, logic functions 
and other software and tools, and any partner logic 
functions, and any output files from any of the foregoing 
(including device programming or simulation files), and any 
associated documentation or information are expressly subject 
to the terms and conditions of the Altera Program License 
Subscription Agreement, the Altera Quartus Prime License Agreement,
the Altera IP License Agreement, or other applicable license
agreement, including, without limitation, that your use is for
the sole purpose of programming logic devices manufactured by
Altera and sold by Altera or its authorized distributors.  Please
refer to the Altera Software License Subscription Agreements 
on the Quartus Prime software download page.



+---------------------------------------------------------------------------------+
; Analysis & Elaboration Summary                                                  ;
+-------------------------------+-------------------------------------------------+
; Analysis & Elaboration Status ; Successful - Tue Apr 28 22:14:05 2026           ;
; Quartus Prime Version         ; 24.1std.0 Build 1077 03/04/2025 SC Lite Edition ;
; Revision Name                 ; top                                             ;
; Top-level Entity Name         ; top                                             ;
; Family                        ; Cyclone V                                       ;
; Logic utilization (in ALMs)   ; N/A until Partition Merge                       ;
; Total registers               ; N/A until Partition Merge                       ;
; Total pins                    ; N/A until Partition Merge                       ;
; Total virtual pins            ; N/A until Partition Merge                       ;
; Total block memory bits       ; N/A until Partition Merge                       ;
; Total PLLs                    ; N/A until Partition Merge                       ;
; Total DLLs                    ; N/A until Partition Merge                       ;
+-------------------------------+-------------------------------------------------+


+------------------------------------------+
; Parallel Compilation                     ;
+----------------------------+-------------+
; Processors                 ; Number      ;
+----------------------------+-------------+
; Number detected on machine ; 12          ;
; Maximum allowed            ; 12          ;
;                            ;             ;
; Average used               ; 1.00        ;
; Maximum used               ; 1           ;
;                            ;             ;
; Usage by Processor         ; % Time Used ;
;     Processor 1            ; 100.0%      ;
+----------------------------+-------------+


+------------------------------------------------------------------------------------+
; Parameter Settings for User Entity Instance: riscv:riscv|datapath:dp|flopenr:pcreg ;
+----------------+-------+-----------------------------------------------------------+
; Parameter Name ; Value ; Type                                                      ;
+----------------+-------+-----------------------------------------------------------+
; WIDTH          ; 32    ; Signed Integer                                            ;
+----------------+-------+-----------------------------------------------------------+
Note: In order to hide this table in the UI and the text report file, please set the "Show Parameter Settings in Synthesis Report" option in "Analysis and Synthesis Settings -> More Settings" to "Off".


+---------------------------------------------------------------------------------------+
; Parameter Settings for User Entity Instance: riscv:riscv|datapath:dp|flopenr:oldpcreg ;
+----------------+-------+--------------------------------------------------------------+
; Parameter Name ; Value ; Type                                                         ;
+----------------+-------+--------------------------------------------------------------+
; WIDTH          ; 32    ; Signed Integer                                               ;
+----------------+-------+--------------------------------------------------------------+
Note: In order to hide this table in the UI and the text report file, please set the "Show Parameter Settings in Synthesis Report" option in "Analysis and Synthesis Settings -> More Settings" to "Off".


+----------------------------------------------------------------------------------+
; Parameter Settings for User Entity Instance: riscv:riscv|datapath:dp|mux2:adrmux ;
+----------------+-------+---------------------------------------------------------+
; Parameter Name ; Value ; Type                                                    ;
+----------------+-------+---------------------------------------------------------+
; WIDTH          ; 32    ; Signed Integer                                          ;
+----------------+-------+---------------------------------------------------------+
Note: In order to hide this table in the UI and the text report file, please set the "Show Parameter Settings in Synthesis Report" option in "Analysis and Synthesis Settings -> More Settings" to "Off".


+---------------------------------------------------------------------------------------+
; Parameter Settings for User Entity Instance: riscv:riscv|datapath:dp|flopenr:instrreg ;
+----------------+-------+--------------------------------------------------------------+
; Parameter Name ; Value ; Type                                                         ;
+----------------+-------+--------------------------------------------------------------+
; WIDTH          ; 32    ; Signed Integer                                               ;
+----------------+-------+--------------------------------------------------------------+
Note: In order to hide this table in the UI and the text report file, please set the "Show Parameter Settings in Synthesis Report" option in "Analysis and Synthesis Settings -> More Settings" to "Off".


+---------------------------------------------------------------------------------+
; Parameter Settings for User Entity Instance: riscv:riscv|datapath:dp|flopr:areg ;
+----------------+-------+--------------------------------------------------------+
; Parameter Name ; Value ; Type                                                   ;
+----------------+-------+--------------------------------------------------------+
; WIDTH          ; 32    ; Signed Integer                                         ;
+----------------+-------+--------------------------------------------------------+
Note: In order to hide this table in the UI and the text report file, please set the "Show Parameter Settings in Synthesis Report" option in "Analysis and Synthesis Settings -> More Settings" to "Off".


+---------------------------------------------------------------------------------+
; Parameter Settings for User Entity Instance: riscv:riscv|datapath:dp|flopr:breg ;
+----------------+-------+--------------------------------------------------------+
; Parameter Name ; Value ; Type                                                   ;
+----------------+-------+--------------------------------------------------------+
; WIDTH          ; 32    ; Signed Integer                                         ;
+----------------+-------+--------------------------------------------------------+
Note: In order to hide this table in the UI and the text report file, please set the "Show Parameter Settings in Synthesis Report" option in "Analysis and Synthesis Settings -> More Settings" to "Off".


+--------------------------------------------------------------------------------------+
; Parameter Settings for User Entity Instance: riscv:riscv|datapath:dp|flopr:aluoutreg ;
+----------------+-------+-------------------------------------------------------------+
; Parameter Name ; Value ; Type                                                        ;
+----------------+-------+-------------------------------------------------------------+
; WIDTH          ; 32    ; Signed Integer                                              ;
+----------------+-------+-------------------------------------------------------------+
Note: In order to hide this table in the UI and the text report file, please set the "Show Parameter Settings in Synthesis Report" option in "Analysis and Synthesis Settings -> More Settings" to "Off".


+------------------------------------------------------------------------------------+
; Parameter Settings for User Entity Instance: riscv:riscv|datapath:dp|flopr:datareg ;
+----------------+-------+-----------------------------------------------------------+
; Parameter Name ; Value ; Type                                                      ;
+----------------+-------+-----------------------------------------------------------+
; WIDTH          ; 32    ; Signed Integer                                            ;
+----------------+-------+-----------------------------------------------------------+
Note: In order to hide this table in the UI and the text report file, please set the "Show Parameter Settings in Synthesis Report" option in "Analysis and Synthesis Settings -> More Settings" to "Off".


+---------------------------------------------------------------------------------------------------------------------------+
; Analysis & Elaboration Settings                                                                                           ;
+---------------------------------------------------------------------------------+--------------------+--------------------+
; Option                                                                          ; Setting            ; Default Value      ;
+---------------------------------------------------------------------------------+--------------------+--------------------+
; Device                                                                          ; 5CGXFC7C7F23C8     ;                    ;
; Top-level entity name                                                           ; top                ; top                ;
; Family name                                                                     ; Cyclone V          ; Cyclone V          ;
; Use smart compilation                                                           ; Off                ; Off                ;
; Enable parallel Assembler and Timing Analyzer during compilation                ; On                 ; On                 ;
; Enable compact report table                                                     ; Off                ; Off                ;
; Restructure Multiplexers                                                        ; Auto               ; Auto               ;
; MLAB Add Timing Constraints For Mixed-Port Feed-Through Mode Setting Don't Care ; Off                ; Off                ;
; Create Debugging Nodes for IP Cores                                             ; Off                ; Off                ;
; Preserve fewer node names                                                       ; On                 ; On                 ;
; Intel FPGA IP Evaluation Mode                                                   ; Enable             ; Enable             ;
; Verilog Version                                                                 ; Verilog_2001       ; Verilog_2001       ;
; VHDL Version                                                                    ; VHDL_1993          ; VHDL_1993          ;
; State Machine Processing                                                        ; Auto               ; Auto               ;
; Safe State Machine                                                              ; Off                ; Off                ;
; Extract Verilog State Machines                                                  ; On                 ; On                 ;
; Extract VHDL State Machines                                                     ; On                 ; On                 ;
; Ignore Verilog initial constructs                                               ; Off                ; Off                ;
; Iteration limit for constant Verilog loops                                      ; 5000               ; 5000               ;
; Iteration limit for non-constant Verilog loops                                  ; 250                ; 250                ;
; Add Pass-Through Logic to Inferred RAMs                                         ; On                 ; On                 ;
; Infer RAMs from Raw Logic                                                       ; On                 ; On                 ;
; Parallel Synthesis                                                              ; On                 ; On                 ;
; DSP Block Balancing                                                             ; Auto               ; Auto               ;
; NOT Gate Push-Back                                                              ; On                 ; On                 ;
; Power-Up Don't Care                                                             ; On                 ; On                 ;
; Remove Redundant Logic Cells                                                    ; Off                ; Off                ;
; Remove Duplicate Registers                                                      ; On                 ; On                 ;
; Ignore CARRY Buffers                                                            ; Off                ; Off                ;
; Ignore CASCADE Buffers                                                          ; Off                ; Off                ;
; Ignore GLOBAL Buffers                                                           ; Off                ; Off                ;
; Ignore ROW GLOBAL Buffers                                                       ; Off                ; Off                ;
; Ignore LCELL Buffers                                                            ; Off                ; Off                ;
; Ignore SOFT Buffers                                                             ; On                 ; On                 ;
; Limit AHDL Integers to 32 Bits                                                  ; Off                ; Off                ;
; Optimization Technique                                                          ; Balanced           ; Balanced           ;
; Carry Chain Length                                                              ; 70                 ; 70                 ;
; Auto Carry Chains                                                               ; On                 ; On                 ;
; Auto Open-Drain Pins                                                            ; On                 ; On                 ;
; Perform WYSIWYG Primitive Resynthesis                                           ; Off                ; Off                ;
; Auto ROM Replacement                                                            ; On                 ; On                 ;
; Auto RAM Replacement                                                            ; On                 ; On                 ;
; Auto DSP Block Replacement                                                      ; On                 ; On                 ;
; Auto Shift Register Replacement                                                 ; Auto               ; Auto               ;
; Allow Shift Register Merging across Hierarchies                                 ; Auto               ; Auto               ;
; Auto Clock Enable Replacement                                                   ; On                 ; On                 ;
; Strict RAM Replacement                                                          ; Off                ; Off                ;
; Allow Synchronous Control Signals                                               ; On                 ; On                 ;
; Force Use of Synchronous Clear Signals                                          ; Off                ; Off                ;
; Auto Resource Sharing                                                           ; Off                ; Off                ;
; Allow Any RAM Size For Recognition                                              ; Off                ; Off                ;
; Allow Any ROM Size For Recognition                                              ; Off                ; Off                ;
; Allow Any Shift Register Size For Recognition                                   ; Off                ; Off                ;
; Use LogicLock Constraints during Resource Balancing                             ; On                 ; On                 ;
; Ignore translate_off and synthesis_off directives                               ; Off                ; Off                ;
; Timing-Driven Synthesis                                                         ; On                 ; On                 ;
; Report Parameter Settings                                                       ; On                 ; On                 ;
; Report Source Assignments                                                       ; On                 ; On                 ;
; Report Connectivity Checks                                                      ; On                 ; On                 ;
; Ignore Maximum Fan-Out Assignments                                              ; Off                ; Off                ;
; Synchronization Register Chain Length                                           ; 3                  ; 3                  ;
; Power Optimization During Synthesis                                             ; Normal compilation ; Normal compilation ;
; HDL message level                                                               ; Level2             ; Level2             ;
; Suppress Register Optimization Related Messages                                 ; Off                ; Off                ;
; Number of Removed Registers Reported in Synthesis Report                        ; 5000               ; 5000               ;
; Number of Swept Nodes Reported in Synthesis Report                              ; 5000               ; 5000               ;
; Number of Inverted Registers Reported in Synthesis Report                       ; 100                ; 100                ;
; Clock MUX Protection                                                            ; On                 ; On                 ;
; Auto Gated Clock Conversion                                                     ; Off                ; Off                ;
; Block Design Naming                                                             ; Auto               ; Auto               ;
; SDC constraint protection                                                       ; Off                ; Off                ;
; Synthesis Effort                                                                ; Auto               ; Auto               ;
; Shift Register Replacement - Allow Asynchronous Clear Signal                    ; On                 ; On                 ;
; Pre-Mapping Resynthesis Optimization                                            ; Off                ; Off                ;
; Analysis & Synthesis Message Level                                              ; Medium             ; Medium             ;
; Disable Register Merging Across Hierarchies                                     ; Auto               ; Auto               ;
; Resource Aware Inference For Block RAM                                          ; On                 ; On                 ;
; Automatic Parallel Synthesis                                                    ; On                 ; On                 ;
; Partial Reconfiguration Bitstream ID                                            ; Off                ; Off                ;
+---------------------------------------------------------------------------------+--------------------+--------------------+


+-----------------------------------------------------------------------------------------------------------------+
; Port Connectivity Checks: "riscv:riscv"                                                                         ;
+-------+--------+----------+-------------------------------------------------------------------------------------+
; Port  ; Type   ; Severity ; Details                                                                             ;
+-------+--------+----------+-------------------------------------------------------------------------------------+
; PC    ; Output ; Info     ; Connected to dangling logic. Logic that only feeds a dangling port will be removed. ;
; Instr ; Output ; Info     ; Connected to dangling logic. Logic that only feeds a dangling port will be removed. ;
+-------+--------+----------+-------------------------------------------------------------------------------------+


+---------------------------------+
; Analysis & Elaboration Messages ;
+---------------------------------+
Info: *******************************************************************
Info: Running Quartus Prime Analysis & Elaboration
    Info: Version 24.1std.0 Build 1077 03/04/2025 SC Lite Edition
    Info: Processing started: Tue Apr 28 22:13:57 2026
Info: Command: quartus_map --read_settings_files=on --write_settings_files=off riscv_multicycle -c top --analysis_and_elaboration
Warning (18236): Number of processors has not been specified which may cause overloading on shared machines.  Set the global assignment NUM_PARALLEL_PROCESSORS in your QSF to an appropriate value for best performance.
Info (20030): Parallel compilation is enabled and will use 12 of the 12 processors detected
Info (12021): Found 1 design units, including 1 entities, in source file top.sv
    Info (12023): Found entity 1: top File: C:/Users/kaanm/OneDrive/Desktop/EE4 - SPRING/ELE 432 - Digital Design/Preliminary Works/PRE3/top.sv Line: 1
Info (12021): Found 1 design units, including 1 entities, in source file riscv_testbench.sv
    Info (12023): Found entity 1: riscv_testbench File: C:/Users/kaanm/OneDrive/Desktop/EE4 - SPRING/ELE 432 - Digital Design/Preliminary Works/PRE3/riscv_testbench.sv Line: 1
Info (12021): Found 1 design units, including 1 entities, in source file riscv.sv
    Info (12023): Found entity 1: riscv File: C:/Users/kaanm/OneDrive/Desktop/EE4 - SPRING/ELE 432 - Digital Design/Preliminary Works/PRE3/riscv.sv Line: 1
Info (12021): Found 1 design units, including 1 entities, in source file regfile.sv
    Info (12023): Found entity 1: regfile File: C:/Users/kaanm/OneDrive/Desktop/EE4 - SPRING/ELE 432 - Digital Design/Preliminary Works/PRE3/regfile.sv Line: 1
Info (12021): Found 1 design units, including 1 entities, in source file mux3.sv
    Info (12023): Found entity 1: mux3 File: C:/Users/kaanm/OneDrive/Desktop/EE4 - SPRING/ELE 432 - Digital Design/Preliminary Works/PRE3/mux3.sv Line: 1
Info (12021): Found 1 design units, including 1 entities, in source file mux2.sv
    Info (12023): Found entity 1: mux2 File: C:/Users/kaanm/OneDrive/Desktop/EE4 - SPRING/ELE 432 - Digital Design/Preliminary Works/PRE3/mux2.sv Line: 1
Info (12021): Found 1 design units, including 1 entities, in source file flopr.sv
    Info (12023): Found entity 1: flopr File: C:/Users/kaanm/OneDrive/Desktop/EE4 - SPRING/ELE 432 - Digital Design/Preliminary Works/PRE3/flopr.sv Line: 1
Info (12021): Found 1 design units, including 1 entities, in source file flopenr.sv
    Info (12023): Found entity 1: flopenr File: C:/Users/kaanm/OneDrive/Desktop/EE4 - SPRING/ELE 432 - Digital Design/Preliminary Works/PRE3/flopenr.sv Line: 1
Info (12021): Found 1 design units, including 1 entities, in source file extend.sv
    Info (12023): Found entity 1: extend File: C:/Users/kaanm/OneDrive/Desktop/EE4 - SPRING/ELE 432 - Digital Design/Preliminary Works/PRE3/extend.sv Line: 1
Info (12021): Found 1 design units, including 1 entities, in source file datapath.sv
    Info (12023): Found entity 1: datapath File: C:/Users/kaanm/OneDrive/Desktop/EE4 - SPRING/ELE 432 - Digital Design/Preliminary Works/PRE3/datapath.sv Line: 2
Info (12021): Found 1 design units, including 1 entities, in source file controller.sv
    Info (12023): Found entity 1: controller File: C:/Users/kaanm/OneDrive/Desktop/EE4 - SPRING/ELE 432 - Digital Design/Preliminary Works/PRE3/controller.sv Line: 2
Info (12021): Found 1 design units, including 1 entities, in source file aludec.sv
    Info (12023): Found entity 1: aludec File: C:/Users/kaanm/OneDrive/Desktop/EE4 - SPRING/ELE 432 - Digital Design/Preliminary Works/PRE3/aludec.sv Line: 1
Info (12021): Found 1 design units, including 1 entities, in source file alu.sv
    Info (12023): Found entity 1: alu File: C:/Users/kaanm/OneDrive/Desktop/EE4 - SPRING/ELE 432 - Digital Design/Preliminary Works/PRE3/alu.sv Line: 1
Info (12021): Found 1 design units, including 1 entities, in source file adder.sv
    Info (12023): Found entity 1: adder File: C:/Users/kaanm/OneDrive/Desktop/EE4 - SPRING/ELE 432 - Digital Design/Preliminary Works/PRE3/adder.sv Line: 1
Info (12127): Elaborating entity "top" for the top level hierarchy
Warning (10850): Verilog HDL warning at top.sv(22): number of words (21) in memory file does not match the number of elements in the address range [0:63] File: C:/Users/kaanm/OneDrive/Desktop/EE4 - SPRING/ELE 432 - Digital Design/Preliminary Works/PRE3/top.sv Line: 22
Info (12128): Elaborating entity "riscv" for hierarchy "riscv:riscv" File: C:/Users/kaanm/OneDrive/Desktop/EE4 - SPRING/ELE 432 - Digital Design/Preliminary Works/PRE3/top.sv Line: 17
Info (12128): Elaborating entity "controller" for hierarchy "riscv:riscv|controller:ctrl" File: C:/Users/kaanm/OneDrive/Desktop/EE4 - SPRING/ELE 432 - Digital Design/Preliminary Works/PRE3/riscv.sv Line: 34
Info (12128): Elaborating entity "aludec" for hierarchy "riscv:riscv|controller:ctrl|aludec:ad" File: C:/Users/kaanm/OneDrive/Desktop/EE4 - SPRING/ELE 432 - Digital Design/Preliminary Works/PRE3/controller.sv Line: 37
Info (12128): Elaborating entity "datapath" for hierarchy "riscv:riscv|datapath:dp" File: C:/Users/kaanm/OneDrive/Desktop/EE4 - SPRING/ELE 432 - Digital Design/Preliminary Works/PRE3/riscv.sv Line: 53
Info (12128): Elaborating entity "flopenr" for hierarchy "riscv:riscv|datapath:dp|flopenr:pcreg" File: C:/Users/kaanm/OneDrive/Desktop/EE4 - SPRING/ELE 432 - Digital Design/Preliminary Works/PRE3/datapath.sv Line: 34
Info (12128): Elaborating entity "mux2" for hierarchy "riscv:riscv|datapath:dp|mux2:adrmux" File: C:/Users/kaanm/OneDrive/Desktop/EE4 - SPRING/ELE 432 - Digital Design/Preliminary Works/PRE3/datapath.sv Line: 40
Info (12128): Elaborating entity "regfile" for hierarchy "riscv:riscv|datapath:dp|regfile:rf" File: C:/Users/kaanm/OneDrive/Desktop/EE4 - SPRING/ELE 432 - Digital Design/Preliminary Works/PRE3/datapath.sv Line: 49
Info (12128): Elaborating entity "flopr" for hierarchy "riscv:riscv|datapath:dp|flopr:areg" File: C:/Users/kaanm/OneDrive/Desktop/EE4 - SPRING/ELE 432 - Digital Design/Preliminary Works/PRE3/datapath.sv Line: 52
Info (12128): Elaborating entity "extend" for hierarchy "riscv:riscv|datapath:dp|extend:ext" File: C:/Users/kaanm/OneDrive/Desktop/EE4 - SPRING/ELE 432 - Digital Design/Preliminary Works/PRE3/datapath.sv Line: 58
Info (12128): Elaborating entity "alu" for hierarchy "riscv:riscv|datapath:dp|alu:alu" File: C:/Users/kaanm/OneDrive/Desktop/EE4 - SPRING/ELE 432 - Digital Design/Preliminary Works/PRE3/datapath.sv Line: 79
Info (144001): Generated suppressed messages file C:/Users/kaanm/OneDrive/Desktop/EE4 - SPRING/ELE 432 - Digital Design/Preliminary Works/PRE3/output_files/top.map.smsg
Info: Quartus Prime Analysis & Elaboration was successful. 0 errors, 2 warnings
    Info: Peak virtual memory: 4789 megabytes
    Info: Processing ended: Tue Apr 28 22:14:05 2026
    Info: Elapsed time: 00:00:08
    Info: Total CPU time (on all processors): 00:00:17


+--------------------------------------------+
; Analysis & Elaboration Suppressed Messages ;
+--------------------------------------------+
The suppressed messages can be found in C:/Users/kaanm/OneDrive/Desktop/EE4 - SPRING/ELE 432 - Digital Design/Preliminary Works/PRE3/output_files/top.map.smsg.


